<?xml version="1.0" encoding="UTF-8"?>
<testsuite name="Tests" tests="1" skipped="0" failures="0" errors="0" timestamp="2020-05-07T00:42:08" hostname="DESKTOP-Boeing" time="6.079">
  <properties/>
  <testcase name="start" classname="Tests" time="6.079"/>
  <system-out><![CDATA[?[1;31m
Start test 1?[0m
> One One One
> second one
> going to sleep
> /show
One One One
second one
going to sleep
> a  f g     h!!!!
> Hello!
> 1
> first
> /exit
Count is 3
Count is 4
Count is 1
> /exit
Count is 2
Count is 3
Count is 1
> /exit
Count is 1
]]></system-out>
  <system-err><![CDATA[]]></system-err>
</testsuite>
