<?xml version="1.0" encoding="UTF-8"?>
<testsuite name="MainTest" tests="1" skipped="0" failures="0" errors="0" timestamp="2020-04-28T18:11:56" hostname="DESKTOP-Boeing" time="0.043">
  <properties/>
  <testcase name="start" classname="MainTest" time="0.043"/>
  <system-out><![CDATA[?[1;31m
Start test 1?[0m
> User19356 sent message
User19356: message
> User19756 left
> User1946 join
> Bobby connected
> Nirvana disconnected
> gLadiator sent sent me a mail, please!
gLadiator: sent me a mail, please!
> Dog sent 
Dog: 
]]></system-out>
  <system-err><![CDATA[]]></system-err>
</testsuite>
